preprocess.sh: 6: preprocess.sh: workon: not found
Collecting html5lib
  Cache entry deserialization failed, entry ignored
  Cache entry deserialization failed, entry ignored
  Downloading https://pypi.tuna.tsinghua.edu.cn/packages/a5/62/bbd2be0e7943ec8504b517e62bab011b4946e1258842bc159e5dfde15b96/html5lib-1.0.1-py2.py3-none-any.whl (117kB)
Collecting six>=1.9 (from html5lib)
  Cache entry deserialization failed, entry ignored
  Cache entry deserialization failed, entry ignored
  Downloading https://pypi.tuna.tsinghua.edu.cn/packages/65/eb/1f97cb97bfc2390a276969c6fae16075da282f5058082d4cb10c6c5c1dba/six-1.14.0-py2.py3-none-any.whl
Collecting webencodings (from html5lib)
  Cache entry deserialization failed, entry ignored
  Cache entry deserialization failed, entry ignored
  Downloading https://pypi.tuna.tsinghua.edu.cn/packages/f4/24/2a3e3df732393fed8b3ebf2ec078f05546de641fe1b667ee316ec1dcf3b7/webencodings-0.5.1-py2.py3-none-any.whl
Installing collected packages: six, webencodings, html5lib
Successfully installed html5lib-1.0.1 six-1.14.0 webencodings-0.5.1
Collecting bs4
  Cache entry deserialization failed, entry ignored
  Cache entry deserialization failed, entry ignored
  Downloading https://pypi.tuna.tsinghua.edu.cn/packages/10/ed/7e8b97591f6f456174139ec089c769f89a94a1a4025fe967691de971f314/bs4-0.0.1.tar.gz
Collecting beautifulsoup4 (from bs4)
  Cache entry deserialization failed, entry ignored
  Cache entry deserialization failed, entry ignored
  Downloading https://pypi.tuna.tsinghua.edu.cn/packages/e8/b5/7bb03a696f2c9b7af792a8f51b82974e51c268f15e925fc834876a4efa0b/beautifulsoup4-4.9.0-py3-none-any.whl (109kB)
Collecting soupsieve>1.2 (from beautifulsoup4->bs4)
  Cache entry deserialization failed, entry ignored
  Cache entry deserialization failed, entry ignored
  Downloading https://pypi.tuna.tsinghua.edu.cn/packages/05/cf/ea245e52f55823f19992447b008bcbb7f78efc5960d77f6c34b5b45b36dd/soupsieve-2.0-py2.py3-none-any.whl
Building wheels for collected packages: bs4
  Running setup.py bdist_wheel for bs4: started
  Running setup.py bdist_wheel for bs4: finished with status 'done'
  Stored in directory: /home/zhuxiangru/.cache/pip/wheels/e4/59/6e/68fcba6d232218f798c3482f9fa203498032617f00bc6840db
Successfully built bs4
Installing collected packages: soupsieve, beautifulsoup4, bs4
Successfully installed beautifulsoup4-4.9.0 bs4-0.0.1 soupsieve-2.0
file_list=['../pretrain_data/opencc_simple/AA/wiki_00', '../pretrain_data/opencc_simple/AA/wiki_01']
input_name=../pretrain_data/opencc_simple/AA/wiki_00
target=../pretrain_data/output/AA/wiki_00
len doc=54

数学

数学是利用符号语言研究数量、结构、变化以及空间等概念的一门学科，从某种角度看属于形式科学的一种。数学透过抽象化和逻辑推理的使用，由计数、计算、量度和对物体形状及运动的观察而产生。数学家们拓展这些概念，为了公式化新的猜想以及从选定的公理及定义中建立起严谨推导出的定理。

基础数学的知识与运用是个人与团体生活中不可或缺的一环。对数学基本概念的完善，早在古埃及、美索不达米亚及古印度内的古代数学文本便可观见，而在古希腊那里有更为严谨的处理。从那时开始，数学的发展便持续不断地小幅进展，至16世纪的文艺复兴时期，因为新的科学发现和数学革新两者的交互，致使数学的加速发展，直至今日。数学并成为许多国家及地区的教育范畴中的一部分。

今日，数学使用在不同的领域中，包括科学、工程、医学、经济学和金融学等。数学对这些领域的应用通常被称为应用数学，有时亦会激起新的数学发现，并导致全新学科的发展，例如物理学的实质性发展中建立的某些理论激发数学家对于某些问题的不同角度的思考。数学家也研究纯数学，就是数学本身的实质性内容，而不以任何实际应用为目标。虽然许多研究以纯数学开始，但其过程中也发现许多应用之处。

西方语言中“数学”（）一词源自于古希腊语的（），其有“学习”、“学问”、“科学”，以及另外还有个较狭义且技术性的意思－「数学研究」，即使在其语源内。其形容词（），意思为"和学习有关的"或"用功的"，亦会被用来指"数学的"。其在英语中表面上的复数形式，及在法语中的表面复数形式'，可溯至拉丁文的中性复数'，由西塞罗译自希腊文复数（），此一希腊语被亚里士多德拿来指「万物皆数」的概念。

汉字表示的「数学」一词大约产生于中国宋元时期。多指象数之学，但有时也含有今天上的数学意义，例如，秦九韶的《数学九章》（《永乐大典》记，即《数书九章》也被宋代周密所著的《癸辛杂识》记为《数学大略》）、《数学通轨》（明代柯尚迁著）、《数学钥》（清代杜知耕著）、《数学拾遗》（清代丁取忠撰）。直到1939年，经过中国数学名词审查委员会研究“算学”与“数学”两词的使用状况后，确认以“数学”表示今天意义上的数学含义。

数学有着久远的历史。它被认为起源于人类早期的生产活动：中国古代的六艺之一就有「数」，数学一词在西方有希腊语词源（mathematikós），意思是“学问的基础”，源于（máthema，“科学，知识，学问”）。

史前的人类就已尝试用自然的法则来衡量物质的多少、时间的长短等抽象的数量关系，比如时间单位有日、季节和年等。算术（加减乘除）也自然而然地产生了。古代的石碑及泥版亦证实了当时已有几何的知识。

更进一步则需要写作或其他可记录数字的系统，如符木或于印加帝国内用来储存数据的奇普。历史上曾有过许多不同的记数系统。

在最初有历史记录的时候，数学内的主要原理是为了做税务和贸易等相关计算，为了解数字间的关系，为了测量土地，以及为了预测天文事件而形成的。这些需要可以简单地被概括为数学对数量、结构、空间及时间方面的研究。

到了16世纪，算术、初等代数以及三角学等初等数学已大体完备。17世纪变量概念的产生使人们开始研究变化中的量与量的互相关系和图形间的互相变换，微积分的概念也在此时形成。随着数学转向形式化，为研究数学基础而产生的集合论和数理逻辑等也开始发展。数学的重心从求解实际问题转变到对一般形式上的思考。

从古至今，数学便一直不断地延展，且与科学有丰富的相互作用，两者的发展都受惠于彼此。在历史上有著许多数学发现，并且直至今日都不断地有新的发现。据Mikhail B. Sevryuk于2006年1月的期刊中所说，「存放于数学评论资料库中论文和书籍的数量自1940年（数学评论的创刊年份）现已超过了一百九十万份，而且每年还增加超过七万五千份。此一学海的绝大部份为新的数学定理及其证明。」

每当有涉及数量、结构、空间及变化等方面的困难问题时，通常就需要用到数学工具去解决问题，而这往往也拓展了数学的研究范畴。一开始，数学的运用可见于贸易、土地测量及之后的天文学。今日，所有的科学都存在著值得数学家研究的问题，且数学本身亦给出了许多的问题。牛顿和莱布尼兹是微积分的发明者，费曼发明了费曼路径积分，这是推理及物理洞察二者的产物，而今日的弦理论亦引申出新的数学。一些数学只和生成它的领域有关，且用来解答此领域的更多问题。但一般被一领域生成的数学在其他许多领域内也十分有用，且可以成为一般的数学概念。即使是「最纯的」数学通常亦有实际的用途，此一非比寻常的事实，被1963年诺贝尔物理奖得主维格纳称为「数学在自然科学中不可想像的有效性」。

如同大多数的研究领域，科学知识的爆发导致了数学的专业化。主要的分歧为纯数学和应用数学。在应用数学内，又被分成两大领域，并且变成了它们自身的学科——统计学和电脑科学。

许多数学家谈论数学的"优美"，其内在的美学及美。「简单」和「一般化」即为美的一种。另外亦包括巧妙的证明，如欧几里得对存在无限多质数的证明；又或者是加快计算的数值方法，如快速傅立叶变换。高德菲·哈罗德·哈代在《一个数学家的自白》一书中表明他相信单单是美学上的意义，就已经足够作为纯数学研究的正当理由。

我们现今所使用的大部分数学符号在16世纪后才被发明出来的。在此之前，数学以文字的形式书写出来，这种形式会限制了数学的发展。现今的符号使得数学对于专家而言更容易掌握，但初学者却常对此望而却步。它被极度的压缩：少量的符号包含著大量的讯息。如同音乐符号一般，现今的数学符号有明确的语法，并且有效地对讯息作编码，这是其他书写方式难以做到的。符号化和形式化使得数学迅速发展，并帮助各个科学领域建立基础支撑理论。

数学语言亦对初学者而言感到困难。如“或”和“只”这些字有著比日常用语更精确的意思。亦困恼著初学者的，如“开放”和“域”等字在数学里有著特别的意思。数学术语亦包括如“同胚”及“可积性”等专有名词。但使用这些特别符号和专有术语是有其原因的：数学需要比日常用语更多的精确性。数学家将此对语言及逻辑精确性的要求称为「严谨」。但在现实应用中，舍弃一些严谨性往往会得到更好的结果。

严谨是数学证明中很重要且基本的一部份。数学家希望他们的定理以系统化的推理依著公理被推论下去。这是为了避免依著不可靠的直观而推出错误的「定理」，而这情形在历史上曾出现过许多的例子。在数学中被期许的严谨程度因著时间而不同：希腊人期许著仔细的论证，但在牛顿的时代，所使用的方法则较不严谨。牛顿为了解决问题所做的定义，到了十九世纪才重新以小心的分析及正式的证明来处理。今日，数学家们则持续地在争论电脑协助证明的严谨度。当大量的计算难以被验证时，其证明亦很难说是足够地严谨。

公理在传统的思想中是「不证自明的真理」，但这种想法是有问题的。在形式上，公理只是一串符号，其只对可以由公理系统导出的公式之内容有意义。希尔伯特计划即是想将所有的数学放在坚固的公理基础上，但依据哥德尔不完备定理，每一相容且能蕴涵皮亚诺公理的公理系统必含有一不可决定的公式；因而所有数学的最终公理化是不可能的。尽管如此，数学常常被想像成只是某种公理化的集合论，在此意义下，所有数学叙述或证明都可以写成集合论的公式。

卡尔·弗里德里希·高斯称数学为「科学的皇后」。在拉丁原文'，以及其德语'中，对应于「科学」的单字的意思皆为知识（领域）。而实际上，science一词在英语内本来就是这个意思，且无疑问地数学在此意义下确实是一门「科学」。将科学限定在自然科学则是在此之后的事。若认为科学是只指物理的世界时，则数学，或至少是纯数学，不会是一门科学。爱因斯坦曾如此描述：「数学定律越和现实有关，它们越不确定；若它们越是确定的话，它们和现实越不会有关。」

许多哲学家相信数学在经验上不具可否证性，且因此不是卡尔·波普尔所定义的科学。但在1930年代时，在数理逻辑上的重大进展显示数学不能归并至逻辑内，且波普尔推断「大部份的数学定律，如物理及生物学一样，是假设演绎的：纯数学因此变得更接近其假设为猜测的自然科学，比它现在看起来更接近。」然而，其他的思想家，如较著名的拉卡托斯，便提供了一个关于数学本身的可否证性版本。

另一观点则为某些科学领域（如理论物理）是其公理为尝试著符合现实的数学。而事实上，理论物理学家齐曼（John Ziman）即认为科学是一种公众知识，因此亦包含著数学。在任何的情况下，数学和物理科学的许多领域都有著很多相同的地方，尤其是从假设所得的逻辑推论之探索。直觉和实验在数学和科学的猜想建构上皆扮演著重要的角色。实验数学在数学中的重要性正持续地在增加，且计算和模拟在科学及数学中所扮演的角色也越来越加重，减轻了数学不使用科学方法的缺点。在史蒂芬·沃尔夫勒姆2002年的著作《一种新科学》中他提出，计算数学应被视为其自身的一科学领域来探索。

数学家对此的态度并不一致。一些研究应用数学的数学家觉得他们是科学家，而那些研究纯数学的数学家则时常觉得他们是在一门较接近逻辑的领域内工作，且因此基本上是个哲学家。许多数学家认为称他们的工作是一种科学，是低估了其美学方面的重要性，以及其做为七大博雅教育之一的历史；另外亦有人认为若忽略其与科学之间的关联，是假装没看到数学和其在科学与工程之间的交互影响，进而促进了数学在许多科学上的发展此一事实。这两种观点之间的差异在哲学上产生了数学是「被创造」（如艺术）或是「被发现」（如科学）的争议。大学院系划分中常见「科学和数学系」，这指出了这两个领域被看作有紧密联系而非一样。实际上，数学家通常会在大体上与科学家合作，但在细节上却会分开。此争议亦是数学哲学众多议题的其中一个。

如上所述，数学主要的学科最先产生于商业上计算的需要、了解数字间的关系、测量土地及预测天文事件。这四种需要大致地与数量、结构、空间及变化（即算术、代数、几何及分析）等数学上广泛的子领域相关连著。除了上述主要的关注之外，亦有用来探索由数学核心至其他领域上之间的连结的子领域：至逻辑、至集合论（基础）、至不同科学的经验上的数学（应用数学）、及较近代的至不确定性的严格研究。
为了阐明数学基础，数学逻辑和集合论等领域被发展了出来。

数学逻辑专注于将数学置在一坚固的公理架构上，并研究此一架构的结果。就数学逻辑本身而言，其为哥德尔第二不完备定理所属的领域，而这或许是逻辑中最广为流传的成果－总存在一不能被证明而又为真的定理。

现代逻辑被分成递归论、模型论和证明论，且和理论电脑科学有著密切的关连性，千禧年大奖难题中的P/NP问题就是理论电脑科学中的著名问题。

数量的研究起于数，一开始为熟悉的自然数及整数与被描述在算术内的自然数及整数的算术运算。整数更深的性质于数论中有详细的研究，此一理论包括了如费马最后定理等著名的结果。数论还包括两个被广为探讨的未解问题：孪生质数猜想及哥德巴赫猜想。

当数系更进一步发展时，整数被视为有理数的子集，而有理数则包含于实数中，连续的量即是以实数来表示的。实数则可以被进一步广义化成复数。数的进一步广义化可以持续至包含四元数及八元数。从自然数亦可以推广到超限数，它形式化了计数至无限的这一概念。另一个研究的领域为大小，这个导致了基数和之后对无限的另外一种概念：阿列夫数，它允许无限集合之间的大小可以做有意义的比较。

许多如数及函数的集合等数学物件都有著内含的结构。这些物件的结构性质被探讨于群、环、-{zh-cn:域;zh-tw:体}-等抽象系统中，该些物件事实上也就是这样的系统。此为代数的领域。在此有一个很重要的概念，即广义化至向量空间的向量，它于线性代数中被研究。向量的研究结合了数学的三个基本领域：数量、结构及空间。向量分析则将其扩展至第四个基本的领域内，即变化。

创立于二十世纪三十年代的法国的布尔巴基学派认为：纯粹数学，是研究抽象结构的理论。
结构，就是以初始概念和公理出发的演绎系统。
布尔巴基学派认为，有三种基本的抽象结构：代数结构（群，环，域……），序结构（偏序，全序……），拓扑结构（邻域，极限，连通性，维数……）。

空间的研究源自于几何－尤其是欧几里得几何。三角学则结合了空间及数，且包含有著名的勾股定理。现今对空间的研究更推广到了更高维的几何、非欧几里得几何（其在广义相对论中扮演著核心的角色）及拓扑学。数和空间在解析几何、微分几何和代数几何中都有著很重要的角色。在微分几何中有著纤维丛及流形上的微积分等概念。在代数几何中有著如多项式方程的解集等几何物件的描述，结合了数和空间的概念；亦有著拓扑群的研究，结合了结构与空间。李群被用来研究空间、结构及变化。在其许多分支中，拓扑学可能是二十世纪数学中有著最大进展的领域，并包含有存在已久的庞加莱猜想，以及有争议的四色定理。庞加莱猜想已在2006年确认由俄罗斯数学家格里戈里·佩雷尔曼证明，而四色定理已在1976年由凯尼斯·阿佩尔和沃夫冈·哈肯用电脑证明，而从来没有由人力来验证过。

了解及描述变化在自然科学里是一普遍的议题，而微积分更为研究变化的有利工具。函数诞生于此，做为描述一变化的量的核心概念。对于实数及实变函数的严格研究为实分析，而复分析则为复数的等价领域。黎曼猜想－数学最基本的未决问题之一－便是以复分析来描述的。泛函分析注重在函数的（一般为无限维）空间上。泛函分析的众多应用之一为量子力学。许多的问题很自然地会导出一个量与其变化率之间的关系，而这在微分方程中被研究。在自然界中的许多现象可以被动力系统所描述；混沌理论则是对系统的既不可预测而又是决定的行为作明确的描述。
离散数学是指对理论电脑科学最有用处的数学领域之总称，这包含有可计算理论、计算复杂性理论及资讯理论。可计算理论检验电脑的不同理论模型之极限，这包含现知最有力的模型－图灵机。复杂性理论研究可以由电脑做为较易处理的程度；有些问题即使理论是可以以电脑解出来，但却因为会花费太多的时间或空间而使得其解答仍然不为实际上可行的，尽管电脑硬体的快速进步。最后，资讯理论专注在可以储存在特定媒介内的资料总量，且因此有压缩及熵等概念。

作为一相对较新的领域，离散数学有许多基本的未解问题。其中最有名的为P/NP问题－千禧年大奖难题之一。一般相信此问题的解答是否定的。

应用数学思考将抽象的数学工具运用在解答科学、工商业及其他领域上之现实问题。应用数学中的一重要领域为统计学，它利用机率论为其工具并允许对含有机会成分的现象进行描述、分析与预测。大部份的实验、调查及观察研究需要统计对其资料的分析。（许多的统计学家并不认为他们是数学家，而比较觉得是合作团体的一份子。）数值分析研究有什么计算方法，可以有效地解决那些人力所限而算不出的数学问题；它亦包含了对计算中舍入误差或其他来源的误差之研究。

 



数学奖通常和其他科学的奖项分开。数学上最有名的奖为菲尔兹奖，创立于1936年，每四年颁奖一次。它通常被认为是数学领域的诺贝尔奖。另一个国际上主要的奖项为阿贝尔奖，创立于2003年。两者都颁奖于特定的工作主题，包括数学新领域的创新或已成熟领域中未解决问题的解答。著名的23个问题，称为希尔伯特的23个问题，于1900年由德国数学家大卫·希尔伯特所提出。这一连串的问题在数学家之间有著极高的名望，且至少有九个问题已经被解答了出来。另一新的七个重要问题，称为千禧年大奖难题，发表于2000年。对其每一个问题的解答都有著一百万美元的奖金，而当中只有一个问题（黎曼猜想）和希尔伯特的问题重复。






len content=83
url=http://shuyantech.com/api/entitylinking/cutsegment?q=数学是利用符号语言研究数量、结构、变化以及空间等概念的一门学科，从某种角度看属于形式科学的一种。数学透过抽象化和逻辑推理的使用，由计数、计算、量度和对物体形状及运动的观察而产生。数学家们拓展这些概念，为了公式化新的猜想以及从选定的公理及定义中建立起严谨推导出的定理。&apikey=d07a735852f46f9fe3eff2975dbcae4c
entity_linking={"cuts": ["数学", "是", "利用", "符号语言", "研究", "数量", "、", "结构", "、", "变化", "以及", "空间", "等", "概念", "的", "一门", "学科", "，", "从", "某种", "角度看", "属于", "形式科学", "的", "一种", "。", "数学", "透过", "抽象化", "和", "逻辑推理", "的", "使用", "，", "由", "计数", "、", "计算", "、", "量度", "和", "对", "物体", "形状", "及", "运动", "的", "观察", "而", "产生", "。", "数学家", "们", "拓展", "这些", "概念", "，", "为了", "公式化", "新", "的", "猜想", "以及", "从", "选定", "的", "公理", "及", "定义", "中", "建立", "起", "严谨", "推导", "出", "的", "定理", "。"], "entities": [[[40, 44], "形式科学"], [[48, 50], "数学（学科）"], [[115, 117], "公理"]]}
word_segment=['数学', '是', '利用', '符号语言', '研究', '数量', '、', '结构', '、', '变化', '以及', '空间', '等', '概念', '的', '一门', '学科', '，', '从', '某种', '角度看', '属于', '形式科学', '的', '一种', '。', '数学', '透过', '抽象化', '和', '逻辑推理', '的', '使用', '，', '由', '计数', '、', '计算', '、', '量度', '和', '对', '物体', '形状', '及', '运动', '的', '观察', '而', '产生', '。', '数学家', '们', '拓展', '这些', '概念', '，', '为了', '公式化', '新', '的', '猜想', '以及', '从', '选定', '的', '公理', '及', '定义', '中', '建立', '起', '严谨', '推导', '出', '的', '定理', '。']
entities=[[[40, 44], '形式科学'], [[48, 50], '数学（学科）'], [[115, 117], '公理']]
数学是利用符号语言研究数量、结构、变化以及空间等概念的一门学科，从某种角度看属于<a href=形式科学>形式科学</a>
数学是利用符号语言研究数量、结构、变化以及空间等概念的一门学科，从某种角度看属于<a href=形式科学>形式科学</a>的一种。<a href=数学（学科）>数学</a>
数学是利用符号语言研究数量、结构、变化以及空间等概念的一门学科，从某种角度看属于<a href=形式科学>形式科学</a>的一种。<a href=数学（学科）>数学</a>透过抽象化和逻辑推理的使用，由计数、计算、量度和对物体形状及运动的观察而产生。数学家们拓展这些概念，为了公式化新的猜想以及从选定的<a href=公理>公理</a>
数学是利用符号语言研究数量、结构、变化以及空间等概念的一门学科，从某种角度看属于<a href=形式科学>形式科学</a>的一种。<a href=数学（学科）>数学</a>透过抽象化和逻辑推理的使用，由计数、计算、量度和对物体形状及运动的观察而产生。数学家们拓展这些概念，为了公式化新的猜想以及从选定的<a href=公理>公理</a>及定义中建立起严谨推导出的定理。
url=http://shuyantech.com/api/entitylinking/cutsegment?q=基础数学的知识与运用是个人与团体生活中不可或缺的一环。对数学基本概念的完善，早在古埃及、美索不达米亚及古印度内的古代数学文本便可观见，而在古希腊那里有更为严谨的处理。从那时开始，数学的发展便持续不断地小幅进展，至16世纪的文艺复兴时期，因为新的科学发现和数学革新两者的交互，致使数学的加速发展，直至今日。数学并成为许多国家及地区的教育范畴中的一部分。&apikey=d07a735852f46f9fe3eff2975dbcae4c
entity_linking={"cuts": ["基础数学", "的", "知识", "与", "运用", "是", "个人", "与", "团体", "生活", "中", "不可或缺", "的", "一环", "。", "对", "数学", "基本概念", "的", "完善", "，", "早", "在", "古埃及", "、", "美索不达米亚", "及", "古印度", "内", "的", "古代数学", "文本", "便", "可观", "见", "，", "而", "在", "古希腊", "那里", "有", "更为", "严谨", "的", "处理", "。", "从", "那时", "开始", "，", "数学", "的", "发展", "便", "持续", "不断", "地", "小幅", "进展", "，", "至", "16", "世纪", "的", "文艺复兴时期", "，", "因为", "新", "的", "科学发现", "和", "数学", "革新", "两者", "的", "交互", "，", "致使", "数学", "的", "加速", "发展", "，", "直至", "今日", "。", "数学", "并", "成为", "许多", "国家", "及", "地区", "的", "教育", "范畴", "中", "的", "一部分", "。"], "entities": [[[0, 4], "基础数学"], [[40, 43], "古埃及"], [[51, 54], "古印度"], [[56, 60], "古代数学"], [[69, 72], "古希腊（爱琴海-色雷斯文明圈的黄金时期）"], [[111, 117], "文艺复兴（14到17世纪的欧洲思想文化运动）"], [[152, 154], "数学（学科）"]]}
word_segment=['基础数学', '的', '知识', '与', '运用', '是', '个人', '与', '团体', '生活', '中', '不可或缺', '的', '一环', '。', '对', '数学', '基本概念', '的', '完善', '，', '早', '在', '古埃及', '、', '美索不达米亚', '及', '古印度', '内', '的', '古代数学', '文本', '便', '可观', '见', '，', '而', '在', '古希腊', '那里', '有', '更为', '严谨', '的', '处理', '。', '从', '那时', '开始', '，', '数学', '的', '发展', '便', '持续', '不断', '地', '小幅', '进展', '，', '至', '16', '世纪', '的', '文艺复兴时期', '，', '因为', '新', '的', '科学发现', '和', '数学', '革新', '两者', '的', '交互', '，', '致使', '数学', '的', '加速', '发展', '，', '直至', '今日', '。', '数学', '并', '成为', '许多', '国家', '及', '地区', '的', '教育', '范畴', '中', '的', '一部分', '。']
entities=[[[0, 4], '基础数学'], [[40, 43], '古埃及'], [[51, 54], '古印度'], [[56, 60], '古代数学'], [[69, 72], '古希腊（爱琴海-色雷斯文明圈的黄金时期）'], [[111, 117], '文艺复兴（14到17世纪的欧洲思想文化运动）'], [[152, 154], '数学（学科）']]
<a href=基础数学>基础数学</a>
<a href=基础数学>基础数学</a>的知识与运用是个人与团体生活中不可或缺的一环。对数学基本概念的完善，早在<a href=古埃及>古埃及</a>
<a href=基础数学>基础数学</a>的知识与运用是个人与团体生活中不可或缺的一环。对数学基本概念的完善，早在<a href=古埃及>古埃及</a>、美索不达米亚及<a href=古印度>古印度</a>
<a href=基础数学>基础数学</a>的知识与运用是个人与团体生活中不可或缺的一环。对数学基本概念的完善，早在<a href=古埃及>古埃及</a>、美索不达米亚及<a href=古印度>古印度</a>内的<a href=古代数学>古代数学</a>
<a href=基础数学>基础数学</a>的知识与运用是个人与团体生活中不可或缺的一环。对数学基本概念的完善，早在<a href=古埃及>古埃及</a>、美索不达米亚及<a href=古印度>古印度</a>内的<a href=古代数学>古代数学</a>文本便可观见，而在<a href=古希腊（爱琴海-色雷斯文明圈的黄金时期）>古希腊</a>
<a href=基础数学>基础数学</a>的知识与运用是个人与团体生活中不可或缺的一环。对数学基本概念的完善，早在<a href=古埃及>古埃及</a>、美索不达米亚及<a href=古印度>古印度</a>内的<a href=古代数学>古代数学</a>文本便可观见，而在<a href=古希腊（爱琴海-色雷斯文明圈的黄金时期）>古希腊</a>那里有更为严谨的处理。从那时开始，数学的发展便持续不断地小幅进展，至16世纪的<a href=文艺复兴（14到17世纪的欧洲思想文化运动）>文艺复兴时期</a>
<a href=基础数学>基础数学</a>的知识与运用是个人与团体生活中不可或缺的一环。对数学基本概念的完善，早在<a href=古埃及>古埃及</a>、美索不达米亚及<a href=古印度>古印度</a>内的<a href=古代数学>古代数学</a>文本便可观见，而在<a href=古希腊（爱琴海-色雷斯文明圈的黄金时期）>古希腊</a>那里有更为严谨的处理。从那时开始，数学的发展便持续不断地小幅进展，至16世纪的<a href=文艺复兴（14到17世纪的欧洲思想文化运动）>文艺复兴时期</a>，因为新的科学发现和数学革新两者的交互，致使数学的加速发展，直至今日。<a href=数学（学科）>数学</a>
<a href=基础数学>基础数学</a>的知识与运用是个人与团体生活中不可或缺的一环。对数学基本概念的完善，早在<a href=古埃及>古埃及</a>、美索不达米亚及<a href=古印度>古印度</a>内的<a href=古代数学>古代数学</a>文本便可观见，而在<a href=古希腊（爱琴海-色雷斯文明圈的黄金时期）>古希腊</a>那里有更为严谨的处理。从那时开始，数学的发展便持续不断地小幅进展，至16世纪的<a href=文艺复兴（14到17世纪的欧洲思想文化运动）>文艺复兴时期</a>，因为新的科学发现和数学革新两者的交互，致使数学的加速发展，直至今日。<a href=数学（学科）>数学</a>并成为许多国家及地区的教育范畴中的一部分。
url=http://shuyantech.com/api/entitylinking/cutsegment?q=今日，数学使用在不同的领域中，包括科学、工程、医学、经济学和金融学等。数学对这些领域的应用通常被称为应用数学，有时亦会激起新的数学发现，并导致全新学科的发展，例如物理学的实质性发展中建立的某些理论激发数学家对于某些问题的不同角度的思考。数学家也研究纯数学，就是数学本身的实质性内容，而不以任何实际应用为目标。虽然许多研究以纯数学开始，但其过程中也发现许多应用之处。&apikey=d07a735852f46f9fe3eff2975dbcae4c
entity_linking={"cuts": ["今日", "，", "数学", "使用", "在", "不同", "的", "领域", "中", "，", "包括", "科学", "、", "工程", "、", "医学", "、", "经济学", "和", "金融学", "等", "。", "数学", "对", "这些", "领域", "的", "应用", "通常", "被", "称为", "应用数学", "，", "有时", "亦", "会", "激起", "新", "的", "数学", "发现", "，", "并", "导致", "全新", "学科", "的", "发展", "，", "例如", "物理学", "的", "实质性", "发展", "中", "建立", "的", "某些", "理论", "激发", "数学家", "对于", "某些", "问题", "的", "不同", "角度", "的", "思考", "。", "数学家", "也", "研究", "纯数学", "，", "就是", "数学", "本身", "的", "实质性", "内容", "，", "而", "不以", "任何", "实际", "应用", "为", "目标", "。", "虽然", "许多", "研究", "以纯", "数学", "开始", "，", "但", "其", "过程", "中", "也", "发现", "许多", "应用", "之处", "。"], "entities": [[[26, 29], "经济学"], [[50, 54], "应用数学（应用数学专业）"], [[130, 132], "数学（学科）"], [[160, 162], "以纯"]]}
word_segment=['今日', '，', '数学', '使用', '在', '不同', '的', '领域', '中', '，', '包括', '科学', '、', '工程', '、', '医学', '、', '经济学', '和', '金融学', '等', '。', '数学', '对', '这些', '领域', '的', '应用', '通常', '被', '称为', '应用数学', '，', '有时', '亦', '会', '激起', '新', '的', '数学', '发现', '，', '并', '导致', '全新', '学科', '的', '发展', '，', '例如', '物理学', '的', '实质性', '发展', '中', '建立', '的', '某些', '理论', '激发', '数学家', '对于', '某些', '问题', '的', '不同', '角度', '的', '思考', '。', '数学家', '也', '研究', '纯数学', '，', '就是', '数学', '本身', '的', '实质性', '内容', '，', '而', '不以', '任何', '实际', '应用', '为', '目标', '。', '虽然', '许多', '研究', '以纯', '数学', '开始', '，', '但', '其', '过程', '中', '也', '发现', '许多', '应用', '之处', '。']
entities=[[[26, 29], '经济学'], [[50, 54], '应用数学（应用数学专业）'], [[130, 132], '数学（学科）'], [[160, 162], '以纯']]
今日，数学使用在不同的领域中，包括科学、工程、医学、<a href=经济学>经济学</a>
今日，数学使用在不同的领域中，包括科学、工程、医学、<a href=经济学>经济学</a>和金融学等。数学对这些领域的应用通常被称为<a href=应用数学（应用数学专业）>应用数学</a>
今日，数学使用在不同的领域中，包括科学、工程、医学、<a href=经济学>经济学</a>和金融学等。数学对这些领域的应用通常被称为<a href=应用数学（应用数学专业）>应用数学</a>，有时亦会激起新的数学发现，并导致全新学科的发展，例如物理学的实质性发展中建立的某些理论激发数学家对于某些问题的不同角度的思考。数学家也研究纯数学，就是<a href=数学（学科）>数学</a>
今日，数学使用在不同的领域中，包括科学、工程、医学、<a href=经济学>经济学</a>和金融学等。数学对这些领域的应用通常被称为<a href=应用数学（应用数学专业）>应用数学</a>，有时亦会激起新的数学发现，并导致全新学科的发展，例如物理学的实质性发展中建立的某些理论激发数学家对于某些问题的不同角度的思考。数学家也研究纯数学，就是<a href=数学（学科）>数学</a>本身的实质性内容，而不以任何实际应用为目标。虽然许多研究<a href=以纯>以纯</a>
今日，数学使用在不同的领域中，包括科学、工程、医学、<a href=经济学>经济学</a>和金融学等。数学对这些领域的应用通常被称为<a href=应用数学（应用数学专业）>应用数学</a>，有时亦会激起新的数学发现，并导致全新学科的发展，例如物理学的实质性发展中建立的某些理论激发数学家对于某些问题的不同角度的思考。数学家也研究纯数学，就是<a href=数学（学科）>数学</a>本身的实质性内容，而不以任何实际应用为目标。虽然许多研究<a href=以纯>以纯</a>数学开始，但其过程中也发现许多应用之处。
url=http://shuyantech.com/api/entitylinking/cutsegment?q=西方语言中“数学”（）一词源自于古希腊语的（），其有“学习”、“学问”、“科学”，以及另外还有个较狭义且技术性的意思－「数学研究」，即使在其语源内。其形容词（），意思为"和学习有关的"或"用功的"，亦会被用来指"数学的"。其在英语中表面上的复数形式，及在法语中的表面复数形式'，可溯至拉丁文的中性复数'，由西塞罗译自希腊文复数（），此一希腊语被亚里士多德拿来指「万物皆数」的概念。&apikey=d07a735852f46f9fe3eff2975dbcae4c
entity_linking={"cuts": ["西方", "语言", "中", "“", "数学", "”（）", "一", "词源", "自", "于", "古希腊语", "的", "（），", "其有", "“", "学习", "”、“", "学问", "”、“", "科学", "”，", "以及", "另外", "还有", "个", "较", "狭义", "且", "技术性", "的", "意思", "－「", "数学", "研究", "」，", "即使", "在", "其", "语源", "内", "。", "其", "形容词", "（），", "意思", "为", "\"", "和", "学习", "有关", "的", "\"", "或", "\"", "用功", "的", "\"，", "亦", "会", "被", "用来", "指", "\"", "数学", "的", "\"。", "其", "在", "英语", "中", "表面", "上", "的", "复数", "形式", "，", "及", "在", "法语", "中", "的", "表面", "复数", "形式", "'，", "可溯", "至", "拉丁文", "的", "中性", "复数", "'，", "由", "西塞罗", "译自", "希腊文", "复数", "（），", "此一", "希腊语", "被", "亚里士多德", "拿来", "指", "「", "万物皆数", "」", "的", "概念", "。"], "entities": [[[60, 62], "数学（学科）"], [[106, 108], "数学（学科）"], [[120, 122], "复数（数的概念扩展）"], [[133, 135], "复数（数的概念扩展）"], [[142, 145], "拉丁文"], [[148, 150], "复数（数的概念扩展）"], [[153, 156], "西塞罗（古罗马著名政治家）"], [[161, 163], "复数（数的概念扩展）"], [[172, 177], "亚里士多德（古希腊著名思想家）"]]}
word_segment=['西方', '语言', '中', '“', '数学', '”（）', '一', '词源', '自', '于', '古希腊语', '的', '（），', '其有', '“', '学习', '”、“', '学问', '”、“', '科学', '”，', '以及', '另外', '还有', '个', '较', '狭义', '且', '技术性', '的', '意思', '－「', '数学', '研究', '」，', '即使', '在', '其', '语源', '内', '。', '其', '形容词', '（），', '意思', '为', '"', '和', '学习', '有关', '的', '"', '或', '"', '用功', '的', '"，', '亦', '会', '被', '用来', '指', '"', '数学', '的', '"。', '其', '在', '英语', '中', '表面', '上', '的', '复数', '形式', '，', '及', '在', '法语', '中', '的', '表面', '复数', '形式', "'，", '可溯', '至', '拉丁文', '的', '中性', '复数', "'，", '由', '西塞罗', '译自', '希腊文', '复数', '（），', '此一', '希腊语', '被', '亚里士多德', '拿来', '指', '「', '万物皆数', '」', '的', '概念', '。']
entities=[[[60, 62], '数学（学科）'], [[106, 108], '数学（学科）'], [[120, 122], '复数（数的概念扩展）'], [[133, 135], '复数（数的概念扩展）'], [[142, 145], '拉丁文'], [[148, 150], '复数（数的概念扩展）'], [[153, 156], '西塞罗（古罗马著名政治家）'], [[161, 163], '复数（数的概念扩展）'], [[172, 177], '亚里士多德（古希腊著名思想家）']]
西方语言中“数学”（）一词源自于古希腊语的（），其有“学习”、“学问”、“科学”，以及另外还有个较狭义且技术性的意思－「<a href=数学（学科）>数学</a>
西方语言中“数学”（）一词源自于古希腊语的（），其有“学习”、“学问”、“科学”，以及另外还有个较狭义且技术性的意思－「<a href=数学（学科）>数学</a>研究」，即使在其语源内。其形容词（），意思为"和学习有关的"或"用功的"，亦会被用来指"<a href=数学（学科）>数学</a>
西方语言中“数学”（）一词源自于古希腊语的（），其有“学习”、“学问”、“科学”，以及另外还有个较狭义且技术性的意思－「<a href=数学（学科）>数学</a>研究」，即使在其语源内。其形容词（），意思为"和学习有关的"或"用功的"，亦会被用来指"<a href=数学（学科）>数学</a>的"。其在英语中表面上的<a href=复数（数的概念扩展）>复数</a>
西方语言中“数学”（）一词源自于古希腊语的（），其有“学习”、“学问”、“科学”，以及另外还有个较狭义且技术性的意思－「<a href=数学（学科）>数学</a>研究」，即使在其语源内。其形容词（），意思为"和学习有关的"或"用功的"，亦会被用来指"<a href=数学（学科）>数学</a>的"。其在英语中表面上的<a href=复数（数的概念扩展）>复数</a>形式，及在法语中的表面<a href=复数（数的概念扩展）>复数</a>
西方语言中“数学”（）一词源自于古希腊语的（），其有“学习”、“学问”、“科学”，以及另外还有个较狭义且技术性的意思－「<a href=数学（学科）>数学</a>研究」，即使在其语源内。其形容词（），意思为"和学习有关的"或"用功的"，亦会被用来指"<a href=数学（学科）>数学</a>的"。其在英语中表面上的<a href=复数（数的概念扩展）>复数</a>形式，及在法语中的表面<a href=复数（数的概念扩展）>复数</a>形式'，可溯至<a href=拉丁文>拉丁文</a>
西方语言中“数学”（）一词源自于古希腊语的（），其有“学习”、“学问”、“科学”，以及另外还有个较狭义且技术性的意思－「<a href=数学（学科）>数学</a>研究」，即使在其语源内。其形容词（），意思为"和学习有关的"或"用功的"，亦会被用来指"<a href=数学（学科）>数学</a>的"。其在英语中表面上的<a href=复数（数的概念扩展）>复数</a>形式，及在法语中的表面<a href=复数（数的概念扩展）>复数</a>形式'，可溯至<a href=拉丁文>拉丁文</a>的中性<a href=复数（数的概念扩展）>复数</a>
西方语言中“数学”（）一词源自于古希腊语的（），其有“学习”、“学问”、“科学”，以及另外还有个较狭义且技术性的意思－「<a href=数学（学科）>数学</a>研究」，即使在其语源内。其形容词（），意思为"和学习有关的"或"用功的"，亦会被用来指"<a href=数学（学科）>数学</a>的"。其在英语中表面上的<a href=复数（数的概念扩展）>复数</a>形式，及在法语中的表面<a href=复数（数的概念扩展）>复数</a>形式'，可溯至<a href=拉丁文>拉丁文</a>的中性<a href=复数（数的概念扩展）>复数</a>'，由<a href=西塞罗（古罗马著名政治家）>西塞罗</a>
西方语言中“数学”（）一词源自于古希腊语的（），其有“学习”、“学问”、“科学”，以及另外还有个较狭义且技术性的意思－「<a href=数学（学科）>数学</a>研究」，即使在其语源内。其形容词（），意思为"和学习有关的"或"用功的"，亦会被用来指"<a href=数学（学科）>数学</a>的"。其在英语中表面上的<a href=复数（数的概念扩展）>复数</a>形式，及在法语中的表面<a href=复数（数的概念扩展）>复数</a>形式'，可溯至<a href=拉丁文>拉丁文</a>的中性<a href=复数（数的概念扩展）>复数</a>'，由<a href=西塞罗（古罗马著名政治家）>西塞罗</a>译自希腊文<a href=复数（数的概念扩展）>复数</a>
西方语言中“数学”（）一词源自于古希腊语的（），其有“学习”、“学问”、“科学”，以及另外还有个较狭义且技术性的意思－「<a href=数学（学科）>数学</a>研究」，即使在其语源内。其形容词（），意思为"和学习有关的"或"用功的"，亦会被用来指"<a href=数学（学科）>数学</a>的"。其在英语中表面上的<a href=复数（数的概念扩展）>复数</a>形式，及在法语中的表面<a href=复数（数的概念扩展）>复数</a>形式'，可溯至<a href=拉丁文>拉丁文</a>的中性<a href=复数（数的概念扩展）>复数</a>'，由<a href=西塞罗（古罗马著名政治家）>西塞罗</a>译自希腊文<a href=复数（数的概念扩展）>复数</a>（），此一希腊语被<a href=亚里士多德（古希腊著名思想家）>亚里士多德</a>
西方语言中“数学”（）一词源自于古希腊语的（），其有“学习”、“学问”、“科学”，以及另外还有个较狭义且技术性的意思－「<a href=数学（学科）>数学</a>研究」，即使在其语源内。其形容词（），意思为"和学习有关的"或"用功的"，亦会被用来指"<a href=数学（学科）>数学</a>的"。其在英语中表面上的<a href=复数（数的概念扩展）>复数</a>形式，及在法语中的表面<a href=复数（数的概念扩展）>复数</a>形式'，可溯至<a href=拉丁文>拉丁文</a>的中性<a href=复数（数的概念扩展）>复数</a>'，由<a href=西塞罗（古罗马著名政治家）>西塞罗</a>译自希腊文<a href=复数（数的概念扩展）>复数</a>（），此一希腊语被<a href=亚里士多德（古希腊著名思想家）>亚里士多德</a>拿来指「万物皆数」的概念。
url=http://shuyantech.com/api/entitylinking/cutsegment?q=汉字表示的「数学」一词大约产生于中国宋元时期。多指象数之学，但有时也含有今天上的数学意义，例如，秦九韶的《数学九章》（《永乐大典》记，即《数书九章》也被宋代周密所著的《癸辛杂识》记为《数学大略》）、《数学通轨》（明代柯尚迁著）、《数学钥》（清代杜知耕著）、《数学拾遗》（清代丁取忠撰）。直到1939年，经过中国数学名词审查委员会研究“算学”与“数学”两词的使用状况后，确认以“数学”表示今天意义上的数学含义。&apikey=d07a735852f46f9fe3eff2975dbcae4c
entity_linking={"cuts": ["汉字", "表示", "的", "「", "数学", "」", "一词", "大约", "产生", "于", "中国", "宋元时期", "。", "多指", "象数", "之学", "，", "但", "有时", "也", "含有", "今天", "上", "的", "数学", "意义", "，", "例如", "，", "秦九韶", "的", "《", "数学", "九章", "》（", "《永乐大典》", "记", "，", "即", "《", "数书九章", "》", "也", "被", "宋代", "周密", "所著", "的", "《", "癸辛杂识", "》", "记为", "《", "数学", "大略", "》）、《", "数学通", "轨", "》（", "明代", "柯尚迁", "著", "）、《", "数学", "钥", "》（", "清代", "杜知耕", "著", "）、《", "数学拾遗", "》（", "清代", "丁取忠", "撰", "）。", "直到", "1939", "年", "，", "经过", "中国", "数学名词", "审查", "委员会", "研究", "“", "算学", "”", "与", "“", "数学", "”", "两词", "的", "使用", "状况", "后", "，", "确认", "以", "“", "数学", "”", "表示", "今天", "意义", "上", "的", "数学", "含义", "。"], "entities": [[[16, 18], "中国（世界四大文明古国之一）"], [[18, 22], "宋元时期"], [[48, 51], "秦九韶"], [[59, 65], "永乐大典"], [[69, 73], "数书九章"], [[84, 88], "癸辛杂识"], [[153, 155], "中国（世界四大文明古国之一）"], [[155, 159], "数学名词"]]}
word_segment=['汉字', '表示', '的', '「', '数学', '」', '一词', '大约', '产生', '于', '中国', '宋元时期', '。', '多指', '象数', '之学', '，', '但', '有时', '也', '含有', '今天', '上', '的', '数学', '意义', '，', '例如', '，', '秦九韶', '的', '《', '数学', '九章', '》（', '《永乐大典》', '记', '，', '即', '《', '数书九章', '》', '也', '被', '宋代', '周密', '所著', '的', '《', '癸辛杂识', '》', '记为', '《', '数学', '大略', '》）、《', '数学通', '轨', '》（', '明代', '柯尚迁', '著', '）、《', '数学', '钥', '》（', '清代', '杜知耕', '著', '）、《', '数学拾遗', '》（', '清代', '丁取忠', '撰', '）。', '直到', '1939', '年', '，', '经过', '中国', '数学名词', '审查', '委员会', '研究', '“', '算学', '”', '与', '“', '数学', '”', '两词', '的', '使用', '状况', '后', '，', '确认', '以', '“', '数学', '”', '表示', '今天', '意义', '上', '的', '数学', '含义', '。']
entities=[[[16, 18], '中国（世界四大文明古国之一）'], [[18, 22], '宋元时期'], [[48, 51], '秦九韶'], [[59, 65], '永乐大典'], [[69, 73], '数书九章'], [[84, 88], '癸辛杂识'], [[153, 155], '中国（世界四大文明古国之一）'], [[155, 159], '数学名词']]
汉字表示的「数学」一词大约产生于<a href=中国（世界四大文明古国之一）>中国</a>
汉字表示的「数学」一词大约产生于<a href=中国（世界四大文明古国之一）>中国</a><a href=宋元时期>宋元时期</a>
汉字表示的「数学」一词大约产生于<a href=中国（世界四大文明古国之一）>中国</a><a href=宋元时期>宋元时期</a>。多指象数之学，但有时也含有今天上的数学意义，例如，<a href=秦九韶>秦九韶</a>
汉字表示的「数学」一词大约产生于<a href=中国（世界四大文明古国之一）>中国</a><a href=宋元时期>宋元时期</a>。多指象数之学，但有时也含有今天上的数学意义，例如，<a href=秦九韶>秦九韶</a>的《数学九章》（<a href=永乐大典>《永乐大典》</a>
汉字表示的「数学」一词大约产生于<a href=中国（世界四大文明古国之一）>中国</a><a href=宋元时期>宋元时期</a>。多指象数之学，但有时也含有今天上的数学意义，例如，<a href=秦九韶>秦九韶</a>的《数学九章》（<a href=永乐大典>《永乐大典》</a>记，即《<a href=数书九章>数书九章</a>
汉字表示的「数学」一词大约产生于<a href=中国（世界四大文明古国之一）>中国</a><a href=宋元时期>宋元时期</a>。多指象数之学，但有时也含有今天上的数学意义，例如，<a href=秦九韶>秦九韶</a>的《数学九章》（<a href=永乐大典>《永乐大典》</a>记，即《<a href=数书九章>数书九章</a>》也被宋代周密所著的《<a href=癸辛杂识>癸辛杂识</a>
汉字表示的「数学」一词大约产生于<a href=中国（世界四大文明古国之一）>中国</a><a href=宋元时期>宋元时期</a>。多指象数之学，但有时也含有今天上的数学意义，例如，<a href=秦九韶>秦九韶</a>的《数学九章》（<a href=永乐大典>《永乐大典》</a>记，即《<a href=数书九章>数书九章</a>》也被宋代周密所著的《<a href=癸辛杂识>癸辛杂识</a>》记为《数学大略》）、《数学通轨》（明代柯尚迁著）、《数学钥》（清代杜知耕著）、《数学拾遗》（清代丁取忠撰）。直到1939年，经过<a href=中国（世界四大文明古国之一）>中国</a>
汉字表示的「数学」一词大约产生于<a href=中国（世界四大文明古国之一）>中国</a><a href=宋元时期>宋元时期</a>。多指象数之学，但有时也含有今天上的数学意义，例如，<a href=秦九韶>秦九韶</a>的《数学九章》（<a href=永乐大典>《永乐大典》</a>记，即《<a href=数书九章>数书九章</a>》也被宋代周密所著的《<a href=癸辛杂识>癸辛杂识</a>》记为《数学大略》）、《数学通轨》（明代柯尚迁著）、《数学钥》（清代杜知耕著）、《数学拾遗》（清代丁取忠撰）。直到1939年，经过<a href=中国（世界四大文明古国之一）>中国</a><a href=数学名词>数学名词</a>
汉字表示的「数学」一词大约产生于<a href=中国（世界四大文明古国之一）>中国</a><a href=宋元时期>宋元时期</a>。多指象数之学，但有时也含有今天上的数学意义，例如，<a href=秦九韶>秦九韶</a>的《数学九章》（<a href=永乐大典>《永乐大典》</a>记，即《<a href=数书九章>数书九章</a>》也被宋代周密所著的《<a href=癸辛杂识>癸辛杂识</a>》记为《数学大略》）、《数学通轨》（明代柯尚迁著）、《数学钥》（清代杜知耕著）、《数学拾遗》（清代丁取忠撰）。直到1939年，经过<a href=中国（世界四大文明古国之一）>中国</a><a href=数学名词>数学名词</a>审查委员会研究“算学”与“数学”两词的使用状况后，确认以“数学”表示今天意义上的数学含义。
url=http://shuyantech.com/api/entitylinking/cutsegment?q=数学有着久远的历史。它被认为起源于人类早期的生产活动：中国古代的六艺之一就有「数」，数学一词在西方有希腊语词源（mathematikós），意思是“学问的基础”，源于（máthema，“科学，知识，学问”）。&apikey=d07a735852f46f9fe3eff2975dbcae4c
entity_linking={"cuts": ["数学", "有着", "久远", "的", "历史", "。", "它", "被", "认为", "起源于", "人类", "早期", "的", "生产", "活动", "：", "中国", "古代", "的", "六艺", "之一", "就", "有", "「", "数", "」，", "数学", "一词", "在", "西方", "有", "希腊语", "词源", "（", "mathematik", "ó", "s", "），", "意思", "是", "“", "学问", "的", "基础", "”，", "源于", "（", "m", "á", "thema", "，“", "科学", "，", "知识", "，", "学问", "”）。"], "entities": [[[0, 2], "数学（学科）"], [[27, 29], "中国（世界四大文明古国之一）"], [[32, 34], "六艺"]]}
word_segment=['数学', '有着', '久远', '的', '历史', '。', '它', '被', '认为', '起源于', '人类', '早期', '的', '生产', '活动', '：', '中国', '古代', '的', '六艺', '之一', '就', '有', '「', '数', '」，', '数学', '一词', '在', '西方', '有', '希腊语', '词源', '（', 'mathematik', 'ó', 's', '），', '意思', '是', '“', '学问', '的', '基础', '”，', '源于', '（', 'm', 'á', 'thema', '，“', '科学', '，', '知识', '，', '学问', '”）。']
entities=[[[0, 2], '数学（学科）'], [[27, 29], '中国（世界四大文明古国之一）'], [[32, 34], '六艺']]
<a href=数学（学科）>数学</a>
<a href=数学（学科）>数学</a>有着久远的历史。它被认为起源于人类早期的生产活动：<a href=中国（世界四大文明古国之一）>中国</a>
<a href=数学（学科）>数学</a>有着久远的历史。它被认为起源于人类早期的生产活动：<a href=中国（世界四大文明古国之一）>中国</a>古代的<a href=六艺>六艺</a>
<a href=数学（学科）>数学</a>有着久远的历史。它被认为起源于人类早期的生产活动：<a href=中国（世界四大文明古国之一）>中国</a>古代的<a href=六艺>六艺</a>之一就有「数」，数学一词在西方有希腊语词源（mathematikós），意思是“学问的基础”，源于（máthema，“科学，知识，学问”）。
url=http://shuyantech.com/api/entitylinking/cutsegment?q=史前的人类就已尝试用自然的法则来衡量物质的多少、时间的长短等抽象的数量关系，比如时间单位有日、季节和年等。算术（加减乘除）也自然而然地产生了。古代的石碑及泥版亦证实了当时已有几何的知识。&apikey=d07a735852f46f9fe3eff2975dbcae4c
entity_linking={"cuts": ["史前", "的", "人类", "就", "已", "尝试", "用", "自然", "的", "法则", "来", "衡量", "物质", "的", "多少", "、", "时间", "的", "长短", "等", "抽象", "的", "数量", "关系", "，", "比如", "时间单位", "有", "日", "、", "季节", "和", "年", "等", "。", "算术", "（", "加减乘除", "）", "也", "自然而然", "地", "产生", "了", "。", "古代", "的", "石碑", "及", "泥版", "亦", "证实", "了", "当时", "已有", "几何", "的", "知识", "。"], "entities": [[[40, 44], "时间单位"], [[53, 55], "算术"], [[74, 76], "石碑（3、泛指各种纪念指向碑刻）"]]}
word_segment=['史前', '的', '人类', '就', '已', '尝试', '用', '自然', '的', '法则', '来', '衡量', '物质', '的', '多少', '、', '时间', '的', '长短', '等', '抽象', '的', '数量', '关系', '，', '比如', '时间单位', '有', '日', '、', '季节', '和', '年', '等', '。', '算术', '（', '加减乘除', '）', '也', '自然而然', '地', '产生', '了', '。', '古代', '的', '石碑', '及', '泥版', '亦', '证实', '了', '当时', '已有', '几何', '的', '知识', '。']
entities=[[[40, 44], '时间单位'], [[53, 55], '算术'], [[74, 76], '石碑（3、泛指各种纪念指向碑刻）']]
史前的人类就已尝试用自然的法则来衡量物质的多少、时间的长短等抽象的数量关系，比如<a href=时间单位>时间单位</a>
史前的人类就已尝试用自然的法则来衡量物质的多少、时间的长短等抽象的数量关系，比如<a href=时间单位>时间单位</a>有日、季节和年等。<a href=算术>算术</a>
史前的人类就已尝试用自然的法则来衡量物质的多少、时间的长短等抽象的数量关系，比如<a href=时间单位>时间单位</a>有日、季节和年等。<a href=算术>算术</a>（加减乘除）也自然而然地产生了。古代的<a href=石碑（3、泛指各种纪念指向碑刻）>石碑</a>
史前的人类就已尝试用自然的法则来衡量物质的多少、时间的长短等抽象的数量关系，比如<a href=时间单位>时间单位</a>有日、季节和年等。<a href=算术>算术</a>（加减乘除）也自然而然地产生了。古代的<a href=石碑（3、泛指各种纪念指向碑刻）>石碑</a>及泥版亦证实了当时已有几何的知识。
url=http://shuyantech.com/api/entitylinking/cutsegment?q=更进一步则需要写作或其他可记录数字的系统，如符木或于印加帝国内用来储存数据的奇普。历史上曾有过许多不同的记数系统。&apikey=d07a735852f46f9fe3eff2975dbcae4c
entity_linking={"cuts": ["更进一步", "则", "需要", "写作", "或", "其他", "可", "记录", "数字", "的", "系统", "，", "如符木", "或", "于", "印加帝国", "内", "用来", "储存", "数据", "的", "奇普", "。", "历史", "上", "曾", "有", "过", "许多", "不同", "的", "记数", "系统", "。"], "entities": [[[26, 30], "印加帝国"], [[54, 56], "系统"]]}
word_segment=['更进一步', '则', '需要', '写作', '或', '其他', '可', '记录', '数字', '的', '系统', '，', '如符木', '或', '于', '印加帝国', '内', '用来', '储存', '数据', '的', '奇普', '。', '历史', '上', '曾', '有', '过', '许多', '不同', '的', '记数', '系统', '。']
entities=[[[26, 30], '印加帝国'], [[54, 56], '系统']]
更进一步则需要写作或其他可记录数字的系统，如符木或于<a href=印加帝国>印加帝国</a>
更进一步则需要写作或其他可记录数字的系统，如符木或于<a href=印加帝国>印加帝国</a>内用来储存数据的奇普。历史上曾有过许多不同的记数<a href=系统>系统</a>
更进一步则需要写作或其他可记录数字的系统，如符木或于<a href=印加帝国>印加帝国</a>内用来储存数据的奇普。历史上曾有过许多不同的记数<a href=系统>系统</a>。
url=http://shuyantech.com/api/entitylinking/cutsegment?q=在最初有历史记录的时候，数学内的主要原理是为了做税务和贸易等相关计算，为了解数字间的关系，为了测量土地，以及为了预测天文事件而形成的。这些需要可以简单地被概括为数学对数量、结构、空间及时间方面的研究。&apikey=d07a735852f46f9fe3eff2975dbcae4c
entity_linking={"cuts": ["在", "最初", "有", "历史记录", "的", "时候", "，", "数学", "内", "的", "主要", "原理", "是", "为了", "做", "税务", "和", "贸易", "等", "相关", "计算", "，", "为", "了解", "数字", "间", "的", "关系", "，", "为了", "测量", "土地", "，", "以及", "为了", "预测", "天文", "事件", "而", "形成", "的", "。", "这些", "需要", "可以", "简单", "地被", "概括", "为", "数学", "对", "数量", "、", "结构", "、", "空间", "及", "时间", "方面", "的", "研究", "。"], "entities": [[[58, 60], "天文学"], [[80, 82], "数学（学科）"]]}
word_segment=['在', '最初', '有', '历史记录', '的', '时候', '，', '数学', '内', '的', '主要', '原理', '是', '为了', '做', '税务', '和', '贸易', '等', '相关', '计算', '，', '为', '了解', '数字', '间', '的', '关系', '，', '为了', '测量', '土地', '，', '以及', '为了', '预测', '天文', '事件', '而', '形成', '的', '。', '这些', '需要', '可以', '简单', '地被', '概括', '为', '数学', '对', '数量', '、', '结构', '、', '空间', '及', '时间', '方面', '的', '研究', '。']
entities=[[[58, 60], '天文学'], [[80, 82], '数学（学科）']]
在最初有历史记录的时候，数学内的主要原理是为了做税务和贸易等相关计算，为了解数字间的关系，为了测量土地，以及为了预测<a href=天文学>天文</a>
在最初有历史记录的时候，数学内的主要原理是为了做税务和贸易等相关计算，为了解数字间的关系，为了测量土地，以及为了预测<a href=天文学>天文</a>事件而形成的。这些需要可以简单地被概括为<a href=数学（学科）>数学</a>
在最初有历史记录的时候，数学内的主要原理是为了做税务和贸易等相关计算，为了解数字间的关系，为了测量土地，以及为了预测<a href=天文学>天文</a>事件而形成的。这些需要可以简单地被概括为<a href=数学（学科）>数学</a>对数量、结构、空间及时间方面的研究。
url=http://shuyantech.com/api/entitylinking/cutsegment?q=到了16世纪，算术、初等代数以及三角学等初等数学已大体完备。17世纪变量概念的产生使人们开始研究变化中的量与量的互相关系和图形间的互相变换，微积分的概念也在此时形成。随着数学转向形式化，为研究数学基础而产生的集合论和数理逻辑等也开始发展。数学的重心从求解实际问题转变到对一般形式上的思考。&apikey=d07a735852f46f9fe3eff2975dbcae4c
entity_linking={"cuts": ["到", "了", "16", "世纪", "，", "算术", "、", "初等代数", "以及", "三角学", "等", "初等数学", "已", "大体", "完备", "。", "17", "世纪", "变量", "概念", "的", "产生", "使", "人们", "开始", "研究", "变化", "中", "的", "量", "与", "量", "的", "互相", "关系", "和", "图形", "间", "的", "互相", "变换", "，", "微积分", "的", "概念", "也", "在", "此时", "形成", "。", "随着", "数学", "转向", "形式化", "，", "为", "研究", "数学基础", "而", "产生", "的", "集合论", "和", "数理逻辑", "等", "也", "开始", "发展", "。", "数学", "的", "重心", "从", "求解", "实际", "问题", "转变", "到", "对", "一般", "形式", "上", "的", "思考", "。"], "entities": [[[10, 14], "初等代数"], [[70, 73], "微积分（数学概念）"], [[96, 100], "数学基础"], [[108, 112], "数理逻辑（用数学方法研究逻辑或形式逻辑的学科）"], [[119, 121], "数学（学科）"]]}
word_segment=['到', '了', '16', '世纪', '，', '算术', '、', '初等代数', '以及', '三角学', '等', '初等数学', '已', '大体', '完备', '。', '17', '世纪', '变量', '概念', '的', '产生', '使', '人们', '开始', '研究', '变化', '中', '的', '量', '与', '量', '的', '互相', '关系', '和', '图形', '间', '的', '互相', '变换', '，', '微积分', '的', '概念', '也', '在', '此时', '形成', '。', '随着', '数学', '转向', '形式化', '，', '为', '研究', '数学基础', '而', '产生', '的', '集合论', '和', '数理逻辑', '等', '也', '开始', '发展', '。', '数学', '的', '重心', '从', '求解', '实际', '问题', '转变', '到', '对', '一般', '形式', '上', '的', '思考', '。']
entities=[[[10, 14], '初等代数'], [[70, 73], '微积分（数学概念）'], [[96, 100], '数学基础'], [[108, 112], '数理逻辑（用数学方法研究逻辑或形式逻辑的学科）'], [[119, 121], '数学（学科）']]
到了16世纪，算术、<a href=初等代数>初等代数</a>
到了16世纪，算术、<a href=初等代数>初等代数</a>以及三角学等初等数学已大体完备。17世纪变量概念的产生使人们开始研究变化中的量与量的互相关系和图形间的互相变换，<a href=微积分（数学概念）>微积分</a>
到了16世纪，算术、<a href=初等代数>初等代数</a>以及三角学等初等数学已大体完备。17世纪变量概念的产生使人们开始研究变化中的量与量的互相关系和图形间的互相变换，<a href=微积分（数学概念）>微积分</a>的概念也在此时形成。随着数学转向形式化，为研究<a href=数学基础>数学基础</a>
到了16世纪，算术、<a href=初等代数>初等代数</a>以及三角学等初等数学已大体完备。17世纪变量概念的产生使人们开始研究变化中的量与量的互相关系和图形间的互相变换，<a href=微积分（数学概念）>微积分</a>的概念也在此时形成。随着数学转向形式化，为研究<a href=数学基础>数学基础</a>而产生的集合论和<a href=数理逻辑（用数学方法研究逻辑或形式逻辑的学科）>数理逻辑</a>
到了16世纪，算术、<a href=初等代数>初等代数</a>以及三角学等初等数学已大体完备。17世纪变量概念的产生使人们开始研究变化中的量与量的互相关系和图形间的互相变换，<a href=微积分（数学概念）>微积分</a>的概念也在此时形成。随着数学转向形式化，为研究<a href=数学基础>数学基础</a>而产生的集合论和<a href=数理逻辑（用数学方法研究逻辑或形式逻辑的学科）>数理逻辑</a>等也开始发展。<a href=数学（学科）>数学</a>
到了16世纪，算术、<a href=初等代数>初等代数</a>以及三角学等初等数学已大体完备。17世纪变量概念的产生使人们开始研究变化中的量与量的互相关系和图形间的互相变换，<a href=微积分（数学概念）>微积分</a>的概念也在此时形成。随着数学转向形式化，为研究<a href=数学基础>数学基础</a>而产生的集合论和<a href=数理逻辑（用数学方法研究逻辑或形式逻辑的学科）>数理逻辑</a>等也开始发展。<a href=数学（学科）>数学</a>的重心从求解实际问题转变到对一般形式上的思考。
url=http://shuyantech.com/api/entitylinking/cutsegment?q=从古至今，数学便一直不断地延展，且与科学有丰富的相互作用，两者的发展都受惠于彼此。在历史上有著许多数学发现，并且直至今日都不断地有新的发现。据Mikhail B. Sevryuk于2006年1月的期刊中所说，「存放于数学评论资料库中论文和书籍的数量自1940年（数学评论的创刊年份）现已超过了一百九十万份，而且每年还增加超过七万五千份。此一学海的绝大部份为新的数学定理及其证明。」&apikey=d07a735852f46f9fe3eff2975dbcae4c
entity_linking={"cuts": ["从古至今", "，", "数学", "便", "一直", "不断", "地", "延展", "，", "且", "与", "科学", "有", "丰富", "的", "相互作用", "，", "两者", "的", "发展", "都", "受惠", "于", "彼此", "。", "在历史上", "有", "著", "许多", "数学", "发现", "，", "并且", "直至", "今日", "都", "不断", "地有", "新", "的", "发现", "。", "据", "mikhail", " ", "b", ". ", "sevryuk", "于", "2006", "年", "1月", "的", "期刊", "中", "所说", "，「", "存放", "于", "数学", "评论", "资料库", "中", "论文", "和", "书籍", "的", "数量", "自", "1940", "年", "（", "数学", "评论", "的", "创刊", "年份", "）", "现已", "超过", "了", "一百九十", "万份", "，", "而且", "每年", "还", "增加", "超过", "七万五", "千份", "。", "此", "一", "学海", "的", "绝", "大部份", "为", "新", "的", "数学", "定理", "及其", "证明", "。", "」"], "entities": [[[5, 7], "数学（学科）"], [[49, 51], "数学（学科）"], [[116, 118], "论文"], [[180, 182], "数学（学科）"]]}
word_segment=['从古至今', '，', '数学', '便', '一直', '不断', '地', '延展', '，', '且', '与', '科学', '有', '丰富', '的', '相互作用', '，', '两者', '的', '发展', '都', '受惠', '于', '彼此', '。', '在历史上', '有', '著', '许多', '数学', '发现', '，', '并且', '直至', '今日', '都', '不断', '地有', '新', '的', '发现', '。', '据', 'mikhail', ' ', 'b', '. ', 'sevryuk', '于', '2006', '年', '1月', '的', '期刊', '中', '所说', '，「', '存放', '于', '数学', '评论', '资料库', '中', '论文', '和', '书籍', '的', '数量', '自', '1940', '年', '（', '数学', '评论', '的', '创刊', '年份', '）', '现已', '超过', '了', '一百九十', '万份', '，', '而且', '每年', '还', '增加', '超过', '七万五', '千份', '。', '此', '一', '学海', '的', '绝', '大部份', '为', '新', '的', '数学', '定理', '及其', '证明', '。', '」']
entities=[[[5, 7], '数学（学科）'], [[49, 51], '数学（学科）'], [[116, 118], '论文'], [[180, 182], '数学（学科）']]
从古至今，<a href=数学（学科）>数学</a>
从古至今，<a href=数学（学科）>数学</a>便一直不断地延展，且与科学有丰富的相互作用，两者的发展都受惠于彼此。在历史上有著许多<a href=数学（学科）>数学</a>
从古至今，<a href=数学（学科）>数学</a>便一直不断地延展，且与科学有丰富的相互作用，两者的发展都受惠于彼此。在历史上有著许多<a href=数学（学科）>数学</a>发现，并且直至今日都不断地有新的发现。据Mikhail B. Sevryuk于2006年1月的期刊中所说，「存放于数学评论资料库中<a href=论文>论文</a>
从古至今，<a href=数学（学科）>数学</a>便一直不断地延展，且与科学有丰富的相互作用，两者的发展都受惠于彼此。在历史上有著许多<a href=数学（学科）>数学</a>发现，并且直至今日都不断地有新的发现。据Mikhail B. Sevryuk于2006年1月的期刊中所说，「存放于数学评论资料库中<a href=论文>论文</a>和书籍的数量自1940年（数学评论的创刊年份）现已超过了一百九十万份，而且每年还增加超过七万五千份。此一学海的绝大部份为新的<a href=数学（学科）>数学</a>
从古至今，<a href=数学（学科）>数学</a>便一直不断地延展，且与科学有丰富的相互作用，两者的发展都受惠于彼此。在历史上有著许多<a href=数学（学科）>数学</a>发现，并且直至今日都不断地有新的发现。据Mikhail B. Sevryuk于2006年1月的期刊中所说，「存放于数学评论资料库中<a href=论文>论文</a>和书籍的数量自1940年（数学评论的创刊年份）现已超过了一百九十万份，而且每年还增加超过七万五千份。此一学海的绝大部份为新的<a href=数学（学科）>数学</a>定理及其证明。」
url=http://shuyantech.com/api/entitylinking/cutsegment?q=每当有涉及数量、结构、空间及变化等方面的困难问题时，通常就需要用到数学工具去解决问题，而这往往也拓展了数学的研究范畴。一开始，数学的运用可见于贸易、土地测量及之后的天文学。今日，所有的科学都存在著值得数学家研究的问题，且数学本身亦给出了许多的问题。牛顿和莱布尼兹是微积分的发明者，费曼发明了费曼路径积分，这是推理及物理洞察二者的产物，而今日的弦理论亦引申出新的数学。一些数学只和生成它的领域有关，且用来解答此领域的更多问题。但一般被一领域生成的数学在其他许多领域内也十分有用，且可以成为一般的数学概念。即使是「最纯的」数学通常亦有实际的用途，此一非比寻常的事实，被1963年诺贝尔物理奖得主维格纳称为「数学在自然科学中不可想像的有效性」。&apikey=d07a735852f46f9fe3eff2975dbcae4c
entity_linking={"cuts": ["每当", "有", "涉及", "数量", "、", "结构", "、", "空间", "及", "变化", "等", "方面", "的", "困难", "问题", "时", "，", "通常", "就", "需要", "用到", "数学工具", "去", "解决问题", "，", "而", "这", "往往", "也", "拓展", "了", "数学", "的", "研究", "范畴", "。", "一", "开始", "，", "数学", "的", "运用", "可见", "于", "贸易", "、", "土地", "测量", "及", "之后", "的", "天文学", "。", "今日", "，", "所有", "的", "科学", "都", "存在", "著", "值得", "数学家", "研究", "的", "问题", "，", "且", "数学", "本身", "亦", "给出", "了", "许多", "的", "问题", "。", "牛顿", "和", "莱布尼兹", "是", "微积分", "的", "发明者", "，", "费曼", "发明", "了", "费曼", "路径积分", "，", "这是", "推理", "及", "物理", "洞察", "二者", "的", "产物", "，", "而", "今日", "的", "弦理论", "亦", "引申", "出新", "的", "数学", "。", "一些", "数学", "只", "和", "生成", "它", "的", "领域", "有关", "，", "且", "用来", "解答", "此", "领域", "的", "更", "多", "问题", "。", "但", "一般", "被", "一", "领域", "生成", "的", "数学", "在", "其他", "许多", "领域", "内", "也", "十分", "有用", "，", "且", "可以", "成为", "一般", "的", "数学概念", "。", "即使", "是", "「", "最纯", "的", "」", "数学", "通常", "亦", "有", "实际", "的", "用途", "，", "此一", "非比寻常", "的", "事实", "，", "被", "1963", "年", "诺贝尔物理奖", "得主", "维格纳", "称为", "「", "数学", "在", "自然科学", "中", "不可", "想像", "的", "有效性", "」。"], "entities": [[[51, 53], "数学（学科）"], [[82, 85], "天文学"], [[110, 112], "数学（学科）"], [[124, 126], "艾萨克·牛顿"], [[127, 131], "戈特弗里德·威廉·莱布尼茨"], [[132, 135], "微积分（数学概念）"], [[140, 142], "feynman（香港影帝吴镇宇之子）"], [[145, 147], "feynman（香港影帝吴镇宇之子）"], [[147, 151], "曲线积分"], [[171, 174], "弦理论"], [[185, 187], "数学（学科）"], [[246, 250], "数学概念"], [[287, 293], "诺贝尔物理学奖"], [[295, 298], "维格纳"]]}
word_segment=['每当', '有', '涉及', '数量', '、', '结构', '、', '空间', '及', '变化', '等', '方面', '的', '困难', '问题', '时', '，', '通常', '就', '需要', '用到', '数学工具', '去', '解决问题', '，', '而', '这', '往往', '也', '拓展', '了', '数学', '的', '研究', '范畴', '。', '一', '开始', '，', '数学', '的', '运用', '可见', '于', '贸易', '、', '土地', '测量', '及', '之后', '的', '天文学', '。', '今日', '，', '所有', '的', '科学', '都', '存在', '著', '值得', '数学家', '研究', '的', '问题', '，', '且', '数学', '本身', '亦', '给出', '了', '许多', '的', '问题', '。', '牛顿', '和', '莱布尼兹', '是', '微积分', '的', '发明者', '，', '费曼', '发明', '了', '费曼', '路径积分', '，', '这是', '推理', '及', '物理', '洞察', '二者', '的', '产物', '，', '而', '今日', '的', '弦理论', '亦', '引申', '出新', '的', '数学', '。', '一些', '数学', '只', '和', '生成', '它', '的', '领域', '有关', '，', '且', '用来', '解答', '此', '领域', '的', '更', '多', '问题', '。', '但', '一般', '被', '一', '领域', '生成', '的', '数学', '在', '其他', '许多', '领域', '内', '也', '十分', '有用', '，', '且', '可以', '成为', '一般', '的', '数学概念', '。', '即使', '是', '「', '最纯', '的', '」', '数学', '通常', '亦', '有', '实际', '的', '用途', '，', '此一', '非比寻常', '的', '事实', '，', '被', '1963', '年', '诺贝尔物理奖', '得主', '维格纳', '称为', '「', '数学', '在', '自然科学', '中', '不可', '想像', '的', '有效性', '」。']
entities=[[[51, 53], '数学（学科）'], [[82, 85], '天文学'], [[110, 112], '数学（学科）'], [[124, 126], '艾萨克·牛顿'], [[127, 131], '戈特弗里德·威廉·莱布尼茨'], [[132, 135], '微积分（数学概念）'], [[140, 142], 'feynman（香港影帝吴镇宇之子）'], [[145, 147], 'feynman（香港影帝吴镇宇之子）'], [[147, 151], '曲线积分'], [[171, 174], '弦理论'], [[185, 187], '数学（学科）'], [[246, 250], '数学概念'], [[287, 293], '诺贝尔物理学奖'], [[295, 298], '维格纳']]
每当有涉及数量、结构、空间及变化等方面的困难问题时，通常就需要用到数学工具去解决问题，而这往往也拓展了<a href=数学（学科）>数学</a>
每当有涉及数量、结构、空间及变化等方面的困难问题时，通常就需要用到数学工具去解决问题，而这往往也拓展了<a href=数学（学科）>数学</a>的研究范畴。一开始，数学的运用可见于贸易、土地测量及之后的<a href=天文学>天文学</a>
每当有涉及数量、结构、空间及变化等方面的困难问题时，通常就需要用到数学工具去解决问题，而这往往也拓展了<a href=数学（学科）>数学</a>的研究范畴。一开始，数学的运用可见于贸易、土地测量及之后的<a href=天文学>天文学</a>。今日，所有的科学都存在著值得数学家研究的问题，且<a href=数学（学科）>数学</a>
每当有涉及数量、结构、空间及变化等方面的困难问题时，通常就需要用到数学工具去解决问题，而这往往也拓展了<a href=数学（学科）>数学</a>的研究范畴。一开始，数学的运用可见于贸易、土地测量及之后的<a href=天文学>天文学</a>。今日，所有的科学都存在著值得数学家研究的问题，且<a href=数学（学科）>数学</a>本身亦给出了许多的问题。<a href=艾萨克·牛顿>牛顿</a>
每当有涉及数量、结构、空间及变化等方面的困难问题时，通常就需要用到数学工具去解决问题，而这往往也拓展了<a href=数学（学科）>数学</a>的研究范畴。一开始，数学的运用可见于贸易、土地测量及之后的<a href=天文学>天文学</a>。今日，所有的科学都存在著值得数学家研究的问题，且<a href=数学（学科）>数学</a>本身亦给出了许多的问题。<a href=艾萨克·牛顿>牛顿</a>和<a href=戈特弗里德·威廉·莱布尼茨>莱布尼兹</a>
每当有涉及数量、结构、空间及变化等方面的困难问题时，通常就需要用到数学工具去解决问题，而这往往也拓展了<a href=数学（学科）>数学</a>的研究范畴。一开始，数学的运用可见于贸易、土地测量及之后的<a href=天文学>天文学</a>。今日，所有的科学都存在著值得数学家研究的问题，且<a href=数学（学科）>数学</a>本身亦给出了许多的问题。<a href=艾萨克·牛顿>牛顿</a>和<a href=戈特弗里德·威廉·莱布尼茨>莱布尼兹</a>是<a href=微积分（数学概念）>微积分</a>
每当有涉及数量、结构、空间及变化等方面的困难问题时，通常就需要用到数学工具去解决问题，而这往往也拓展了<a href=数学（学科）>数学</a>的研究范畴。一开始，数学的运用可见于贸易、土地测量及之后的<a href=天文学>天文学</a>。今日，所有的科学都存在著值得数学家研究的问题，且<a href=数学（学科）>数学</a>本身亦给出了许多的问题。<a href=艾萨克·牛顿>牛顿</a>和<a href=戈特弗里德·威廉·莱布尼茨>莱布尼兹</a>是<a href=微积分（数学概念）>微积分</a>的发明者，<a href=feynman（香港影帝吴镇宇之子）>费曼</a>
每当有涉及数量、结构、空间及变化等方面的困难问题时，通常就需要用到数学工具去解决问题，而这往往也拓展了<a href=数学（学科）>数学</a>的研究范畴。一开始，数学的运用可见于贸易、土地测量及之后的<a href=天文学>天文学</a>。今日，所有的科学都存在著值得数学家研究的问题，且<a href=数学（学科）>数学</a>本身亦给出了许多的问题。<a href=艾萨克·牛顿>牛顿</a>和<a href=戈特弗里德·威廉·莱布尼茨>莱布尼兹</a>是<a href=微积分（数学概念）>微积分</a>的发明者，<a href=feynman（香港影帝吴镇宇之子）>费曼</a>发明了<a href=feynman（香港影帝吴镇宇之子）>费曼</a>
每当有涉及数量、结构、空间及变化等方面的困难问题时，通常就需要用到数学工具去解决问题，而这往往也拓展了<a href=数学（学科）>数学</a>的研究范畴。一开始，数学的运用可见于贸易、土地测量及之后的<a href=天文学>天文学</a>。今日，所有的科学都存在著值得数学家研究的问题，且<a href=数学（学科）>数学</a>本身亦给出了许多的问题。<a href=艾萨克·牛顿>牛顿</a>和<a href=戈特弗里德·威廉·莱布尼茨>莱布尼兹</a>是<a href=微积分（数学概念）>微积分</a>的发明者，<a href=feynman（香港影帝吴镇宇之子）>费曼</a>发明了<a href=feynman（香港影帝吴镇宇之子）>费曼</a><a href=曲线积分>路径积分</a>
每当有涉及数量、结构、空间及变化等方面的困难问题时，通常就需要用到数学工具去解决问题，而这往往也拓展了<a href=数学（学科）>数学</a>的研究范畴。一开始，数学的运用可见于贸易、土地测量及之后的<a href=天文学>天文学</a>。今日，所有的科学都存在著值得数学家研究的问题，且<a href=数学（学科）>数学</a>本身亦给出了许多的问题。<a href=艾萨克·牛顿>牛顿</a>和<a href=戈特弗里德·威廉·莱布尼茨>莱布尼兹</a>是<a href=微积分（数学概念）>微积分</a>的发明者，<a href=feynman（香港影帝吴镇宇之子）>费曼</a>发明了<a href=feynman（香港影帝吴镇宇之子）>费曼</a><a href=曲线积分>路径积分</a>，这是推理及物理洞察二者的产物，而今日的<a href=弦理论>弦理论</a>
每当有涉及数量、结构、空间及变化等方面的困难问题时，通常就需要用到数学工具去解决问题，而这往往也拓展了<a href=数学（学科）>数学</a>的研究范畴。一开始，数学的运用可见于贸易、土地测量及之后的<a href=天文学>天文学</a>。今日，所有的科学都存在著值得数学家研究的问题，且<a href=数学（学科）>数学</a>本身亦给出了许多的问题。<a href=艾萨克·牛顿>牛顿</a>和<a href=戈特弗里德·威廉·莱布尼茨>莱布尼兹</a>是<a href=微积分（数学概念）>微积分</a>的发明者，<a href=feynman（香港影帝吴镇宇之子）>费曼</a>发明了<a href=feynman（香港影帝吴镇宇之子）>费曼</a><a href=曲线积分>路径积分</a>，这是推理及物理洞察二者的产物，而今日的<a href=弦理论>弦理论</a>亦引申出新的数学。一些<a href=数学（学科）>数学</a>
每当有涉及数量、结构、空间及变化等方面的困难问题时，通常就需要用到数学工具去解决问题，而这往往也拓展了<a href=数学（学科）>数学</a>的研究范畴。一开始，数学的运用可见于贸易、土地测量及之后的<a href=天文学>天文学</a>。今日，所有的科学都存在著值得数学家研究的问题，且<a href=数学（学科）>数学</a>本身亦给出了许多的问题。<a href=艾萨克·牛顿>牛顿</a>和<a href=戈特弗里德·威廉·莱布尼茨>莱布尼兹</a>是<a href=微积分（数学概念）>微积分</a>的发明者，<a href=feynman（香港影帝吴镇宇之子）>费曼</a>发明了<a href=feynman（香港影帝吴镇宇之子）>费曼</a><a href=曲线积分>路径积分</a>，这是推理及物理洞察二者的产物，而今日的<a href=弦理论>弦理论</a>亦引申出新的数学。一些<a href=数学（学科）>数学</a>只和生成它的领域有关，且用来解答此领域的更多问题。但一般被一领域生成的数学在其他许多领域内也十分有用，且可以成为一般的<a href=数学概念>数学概念</a>
每当有涉及数量、结构、空间及变化等方面的困难问题时，通常就需要用到数学工具去解决问题，而这往往也拓展了<a href=数学（学科）>数学</a>的研究范畴。一开始，数学的运用可见于贸易、土地测量及之后的<a href=天文学>天文学</a>。今日，所有的科学都存在著值得数学家研究的问题，且<a href=数学（学科）>数学</a>本身亦给出了许多的问题。<a href=艾萨克·牛顿>牛顿</a>和<a href=戈特弗里德·威廉·莱布尼茨>莱布尼兹</a>是<a href=微积分（数学概念）>微积分</a>的发明者，<a href=feynman（香港影帝吴镇宇之子）>费曼</a>发明了<a href=feynman（香港影帝吴镇宇之子）>费曼</a><a href=曲线积分>路径积分</a>，这是推理及物理洞察二者的产物，而今日的<a href=弦理论>弦理论</a>亦引申出新的数学。一些<a href=数学（学科）>数学</a>只和生成它的领域有关，且用来解答此领域的更多问题。但一般被一领域生成的数学在其他许多领域内也十分有用，且可以成为一般的<a href=数学概念>数学概念</a>。即使是「最纯的」数学通常亦有实际的用途，此一非比寻常的事实，被1963年<a href=诺贝尔物理学奖>诺贝尔物理奖</a>
每当有涉及数量、结构、空间及变化等方面的困难问题时，通常就需要用到数学工具去解决问题，而这往往也拓展了<a href=数学（学科）>数学</a>的研究范畴。一开始，数学的运用可见于贸易、土地测量及之后的<a href=天文学>天文学</a>。今日，所有的科学都存在著值得数学家研究的问题，且<a href=数学（学科）>数学</a>本身亦给出了许多的问题。<a href=艾萨克·牛顿>牛顿</a>和<a href=戈特弗里德·威廉·莱布尼茨>莱布尼兹</a>是<a href=微积分（数学概念）>微积分</a>的发明者，<a href=feynman（香港影帝吴镇宇之子）>费曼</a>发明了<a href=feynman（香港影帝吴镇宇之子）>费曼</a><a href=曲线积分>路径积分</a>，这是推理及物理洞察二者的产物，而今日的<a href=弦理论>弦理论</a>亦引申出新的数学。一些<a href=数学（学科）>数学</a>只和生成它的领域有关，且用来解答此领域的更多问题。但一般被一领域生成的数学在其他许多领域内也十分有用，且可以成为一般的<a href=数学概念>数学概念</a>。即使是「最纯的」数学通常亦有实际的用途，此一非比寻常的事实，被1963年<a href=诺贝尔物理学奖>诺贝尔物理奖</a>得主<a href=维格纳>维格纳</a>
每当有涉及数量、结构、空间及变化等方面的困难问题时，通常就需要用到数学工具去解决问题，而这往往也拓展了<a href=数学（学科）>数学</a>的研究范畴。一开始，数学的运用可见于贸易、土地测量及之后的<a href=天文学>天文学</a>。今日，所有的科学都存在著值得数学家研究的问题，且<a href=数学（学科）>数学</a>本身亦给出了许多的问题。<a href=艾萨克·牛顿>牛顿</a>和<a href=戈特弗里德·威廉·莱布尼茨>莱布尼兹</a>是<a href=微积分（数学概念）>微积分</a>的发明者，<a href=feynman（香港影帝吴镇宇之子）>费曼</a>发明了<a href=feynman（香港影帝吴镇宇之子）>费曼</a><a href=曲线积分>路径积分</a>，这是推理及物理洞察二者的产物，而今日的<a href=弦理论>弦理论</a>亦引申出新的数学。一些<a href=数学（学科）>数学</a>只和生成它的领域有关，且用来解答此领域的更多问题。但一般被一领域生成的数学在其他许多领域内也十分有用，且可以成为一般的<a href=数学概念>数学概念</a>。即使是「最纯的」数学通常亦有实际的用途，此一非比寻常的事实，被1963年<a href=诺贝尔物理学奖>诺贝尔物理奖</a>得主<a href=维格纳>维格纳</a>称为「数学在自然科学中不可想像的有效性」。
url=http://shuyantech.com/api/entitylinking/cutsegment?q=如同大多数的研究领域，科学知识的爆发导致了数学的专业化。主要的分歧为纯数学和应用数学。在应用数学内，又被分成两大领域，并且变成了它们自身的学科——统计学和电脑科学。&apikey=d07a735852f46f9fe3eff2975dbcae4c
entity_linking={"cuts": ["如同", "大多数", "的", "研究", "领域", "，", "科学知识", "的", "爆发", "导致", "了", "数学", "的", "专业化", "。", "主要", "的", "分歧", "为", "纯数学", "和", "应用数学", "。", "在", "应用数学", "内", "，", "又", "被", "分成", "两", "大", "领域", "，", "并且", "变成", "了", "它们", "自身", "的", "学科", "——", "统计学", "和", "电脑", "科学", "。"], "entities": [[[21, 23], "数学（学科）"], [[38, 42], "应用数学（应用数学专业）"], [[44, 48], "应用数学（应用数学专业）"], [[73, 76], "统计学（一级学科）"]]}
word_segment=['如同', '大多数', '的', '研究', '领域', '，', '科学知识', '的', '爆发', '导致', '了', '数学', '的', '专业化', '。', '主要', '的', '分歧', '为', '纯数学', '和', '应用数学', '。', '在', '应用数学', '内', '，', '又', '被', '分成', '两', '大', '领域', '，', '并且', '变成', '了', '它们', '自身', '的', '学科', '——', '统计学', '和', '电脑', '科学', '。']
entities=[[[21, 23], '数学（学科）'], [[38, 42], '应用数学（应用数学专业）'], [[44, 48], '应用数学（应用数学专业）'], [[73, 76], '统计学（一级学科）']]
如同大多数的研究领域，科学知识的爆发导致了<a href=数学（学科）>数学</a>
如同大多数的研究领域，科学知识的爆发导致了<a href=数学（学科）>数学</a>的专业化。主要的分歧为纯数学和<a href=应用数学（应用数学专业）>应用数学</a>
如同大多数的研究领域，科学知识的爆发导致了<a href=数学（学科）>数学</a>的专业化。主要的分歧为纯数学和<a href=应用数学（应用数学专业）>应用数学</a>。在<a href=应用数学（应用数学专业）>应用数学</a>
如同大多数的研究领域，科学知识的爆发导致了<a href=数学（学科）>数学</a>的专业化。主要的分歧为纯数学和<a href=应用数学（应用数学专业）>应用数学</a>。在<a href=应用数学（应用数学专业）>应用数学</a>内，又被分成两大领域，并且变成了它们自身的学科——<a href=统计学（一级学科）>统计学</a>
如同大多数的研究领域，科学知识的爆发导致了<a href=数学（学科）>数学</a>的专业化。主要的分歧为纯数学和<a href=应用数学（应用数学专业）>应用数学</a>。在<a href=应用数学（应用数学专业）>应用数学</a>内，又被分成两大领域，并且变成了它们自身的学科——<a href=统计学（一级学科）>统计学</a>和电脑科学。
url=http://shuyantech.com/api/entitylinking/cutsegment?q=许多数学家谈论数学的"优美"，其内在的美学及美。「简单」和「一般化」即为美的一种。另外亦包括巧妙的证明，如欧几里得对存在无限多质数的证明；又或者是加快计算的数值方法，如快速傅立叶变换。高德菲·哈罗德·哈代在《一个数学家的自白》一书中表明他相信单单是美学上的意义，就已经足够作为纯数学研究的正当理由。&apikey=d07a735852f46f9fe3eff2975dbcae4c
entity_linking={"cuts": ["许多", "数学家", "谈论", "数学", "的", "\"", "优美", "\"，", "其内", "在", "的", "美学", "及美", "。", "「", "简单", "」", "和", "「", "一般化", "」", "即为", "美的", "一种", "。", "另外", "亦", "包括", "巧妙", "的", "证明", "，", "如", "欧几里得", "对", "存在", "无限", "多", "质数", "的", "证明", "；", "又", "或者", "是", "加快", "计算", "的", "数值", "方法", "，", "如", "快速傅立叶变换", "。", "高德菲·哈罗德·哈代", "在", "《", "一个", "数学家", "的", "自白", "》", "一书中", "表明", "他", "相信", "单单是", "美学", "上", "的", "意义", "，", "就", "已经", "足够", "作为", "纯数学", "研究", "的", "正当理由", "。"], "entities": [[[19, 21], "美学（中国哲学二级学科）"], [[36, 38], "美的集团"], [[63, 65], "质数"], [[84, 91], "快速傅里叶变换"], [[92, 102], "高德菲·哈罗德·哈代"]]}
word_segment=['许多', '数学家', '谈论', '数学', '的', '"', '优美', '"，', '其内', '在', '的', '美学', '及美', '。', '「', '简单', '」', '和', '「', '一般化', '」', '即为', '美的', '一种', '。', '另外', '亦', '包括', '巧妙', '的', '证明', '，', '如', '欧几里得', '对', '存在', '无限', '多', '质数', '的', '证明', '；', '又', '或者', '是', '加快', '计算', '的', '数值', '方法', '，', '如', '快速傅立叶变换', '。', '高德菲·哈罗德·哈代', '在', '《', '一个', '数学家', '的', '自白', '》', '一书中', '表明', '他', '相信', '单单是', '美学', '上', '的', '意义', '，', '就', '已经', '足够', '作为', '纯数学', '研究', '的', '正当理由', '。']
entities=[[[19, 21], '美学（中国哲学二级学科）'], [[36, 38], '美的集团'], [[63, 65], '质数'], [[84, 91], '快速傅里叶变换'], [[92, 102], '高德菲·哈罗德·哈代']]
许多数学家谈论数学的"优美"，其内在的<a href=美学（中国哲学二级学科）>美学</a>
许多数学家谈论数学的"优美"，其内在的<a href=美学（中国哲学二级学科）>美学</a>及美。「简单」和「一般化」即为<a href=美的集团>美的</a>
许多数学家谈论数学的"优美"，其内在的<a href=美学（中国哲学二级学科）>美学</a>及美。「简单」和「一般化」即为<a href=美的集团>美的</a>一种。另外亦包括巧妙的证明，如欧几里得对存在无限多<a href=质数>质数</a>
许多数学家谈论数学的"优美"，其内在的<a href=美学（中国哲学二级学科）>美学</a>及美。「简单」和「一般化」即为<a href=美的集团>美的</a>一种。另外亦包括巧妙的证明，如欧几里得对存在无限多<a href=质数>质数</a>的证明；又或者是加快计算的数值方法，如<a href=快速傅里叶变换>快速傅立叶变换</a>
许多数学家谈论数学的"优美"，其内在的<a href=美学（中国哲学二级学科）>美学</a>及美。「简单」和「一般化」即为<a href=美的集团>美的</a>一种。另外亦包括巧妙的证明，如欧几里得对存在无限多<a href=质数>质数</a>的证明；又或者是加快计算的数值方法，如<a href=快速傅里叶变换>快速傅立叶变换</a>。<a href=高德菲·哈罗德·哈代>高德菲·哈罗德·哈代</a>